<?xml version="1.0" encoding="UTF-8"?>
<testsuite name="RentalServiceTests" tests="1" skipped="0" failures="0" errors="0" timestamp="2022-06-21T17:52:32" hostname="RAGHAVLAPTOP" time="0.017">
  <properties/>
  <testcase name="shouldNotAddVehicleWhenBranchDoesNotExist()" classname="RentalServiceTests" time="0.017"/>
  <system-out><![CDATA[]]></system-out>
  <system-err><![CDATA[]]></system-err>
</testsuite>
